<?xml version="1.0" encoding="UTF-8"?>
<testng-results skipped="0" failed="0" ignored="0" total="1" passed="1">
  <reporter-output>
  </reporter-output>
  <suite name="Default suite" duration-ms="9313" started-at="2017-12-18T14:42:56Z" finished-at="2017-12-18T14:43:06Z">
    <groups>
    </groups>
    <test name="Default test" duration-ms="9313" started-at="2017-12-18T14:42:56Z" finished-at="2017-12-18T14:43:06Z">
      <class name="in.swagen.framework.test.DemoTest">
        <test-method status="PASS" signature="initFramework()[pri:0, instance:in.swagen.framework.test.DemoTest@b0338]" name="initFramework" is-config="true" duration-ms="50" started-at="2017-12-18T09:42:56Z" finished-at="2017-12-18T09:42:56Z">
          <reporter-output>
          </reporter-output>
        </test-method> <!-- initFramework -->
        <test-method status="PASS" signature="initGlobalConstants()[pri:0, instance:in.swagen.framework.test.DemoTest@b0338]" name="initGlobalConstants" is-config="true" duration-ms="7" started-at="2017-12-18T09:42:56Z" finished-at="2017-12-18T09:42:56Z">
          <reporter-output>
          </reporter-output>
        </test-method> <!-- initGlobalConstants -->
        <test-method status="PASS" signature="setUp()[pri:0, instance:in.swagen.framework.test.DemoTest@b0338]" name="setUp" is-config="true" duration-ms="9062" started-at="2017-12-18T09:42:56Z" finished-at="2017-12-18T09:43:05Z">
          <reporter-output>
          </reporter-output>
        </test-method> <!-- setUp -->
        <test-method status="PASS" signature="testDemo()[pri:0, instance:in.swagen.framework.test.DemoTest@b0338]" name="testDemo" duration-ms="14" started-at="2017-12-18T09:43:05Z" finished-at="2017-12-18T09:43:05Z">
          <reporter-output>
          </reporter-output>
        </test-method> <!-- testDemo -->
        <test-method status="PASS" signature="tearDown()[pri:0, instance:in.swagen.framework.test.DemoTest@b0338]" name="tearDown" is-config="true" duration-ms="159" started-at="2017-12-18T09:43:05Z" finished-at="2017-12-18T09:43:06Z">
          <reporter-output>
          </reporter-output>
        </test-method> <!-- tearDown -->
        <test-method status="PASS" signature="closeFramework()[pri:0, instance:in.swagen.framework.test.DemoTest@b0338]" name="closeFramework" is-config="true" duration-ms="1" started-at="2017-12-18T09:43:06Z" finished-at="2017-12-18T09:43:06Z">
          <reporter-output>
          </reporter-output>
        </test-method> <!-- closeFramework -->
      </class> <!-- in.swagen.framework.test.DemoTest -->
    </test> <!-- Default test -->
  </suite> <!-- Default suite -->
</testng-results>
